
Deleted - Post ID 35 - attachment - hero-bg
Deleted - Post ID 53 - attachment - about
Deleted - Post ID 59 - attachment - food-1
Deleted - Post ID 61 - attachment - food-2
Deleted - Post ID 67 - attachment - food-3
Deleted - Post ID 71 - attachment - food-4
Deleted - Post ID 81 - attachment - static-bg
Deleted - Post ID 82 - attachment - customer-1
Deleted - Post ID 84 - attachment - customer-img
Deleted - Post ID 85 - attachment - customer-img1
Deleted - Post ID 101 - attachment - footer-img
Deleted customizer Settings {"theme-auto-version":"4.1.5","is_theme_queue_running":false,"font-size-body":{"desktop":16,"tablet":"","mobile":"","desktop-unit":"px","tablet-unit":"px","mobile-unit":"px"},"body-font-family":"'Varela Round', sans-serif","body-font-variant":"400","body-font-weight":"400","body-line-height":1.6,"headings-font-family":"'Yeseva One', display","headings-font-weight":"normal","headings-line-height":1.2}
Deleted - Site Options {"woocommerce_product_attributes":[],"woocommerce_product_cat_list":[],"woocommerce_product_cat":[],"custom_logo":"","nav_menu_locations":{"primary":"navigation","footer_menu":"navigation","mobile_menu":"navigation"},"show_on_front":"page","page_on_front":"Home","page_for_posts":"","_fl_builder_enabled_icons":null,"_fl_builder_enabled_modules":null,"_fl_builder_post_types":null,"_fl_builder_color_presets":null,"_fl_builder_services":null,"_fl_builder_settings":null,"_fl_builder_user_access":null,"_fl_builder_enabled_templates":null,"elementor_container_width":null,"elementor_cpt_support":["post","page"],"elementor_css_print_method":"external","elementor_default_generic_fonts":null,"elementor_disable_color_schemes":"yes","elementor_disable_typography_schemes":"yes","elementor_editor_break_lines":"","elementor_exclude_user_roles":null,"elementor_global_image_lightbox":null,"elementor_page_title_selector":null,"elementor_scheme_color":{"1":"#6ec1e4","2":"#54595f","3":"#7a7a7a","4":"#61ce70"},"elementor_scheme_color-picker]":{"1":"#6ec1e4","2":"#54595f","3":"#7a7a7a","4":"#61ce70","5":"#4054b2","6":"#23a455","7":"#000","8":"#fff"},"elementor_scheme_typography":{"1":{"font_family":"Roboto","font_weight":"600"},"2":{"font_family":"Roboto Slab","font_weight":"400"},"3":{"font_family":"Roboto","font_weight":"400"},"4":{"font_family":"Roboto","font_weight":"500"}},"elementor_space_between_widgets":null,"elementor_stretched_section_container":null,"elementor_load_fa4_shim":"","elementor_active_kit":"8","woocommerce_shop_page_title":"","woocommerce_cart_page_title":"","woocommerce_checkout_page_title":"","woocommerce_myaccount_page_title":"","woocommerce_edit_address_page_title":"","woocommerce_view_order_page_title":"","woocommerce_change_password_page_title":"","woocommerce_logout_page_title":"","woocommerce_enable_guest_checkout":null,"woocommerce_enable_checkout_login_reminder":null,"woocommerce_enable_signup_and_login_from_checkout":null,"woocommerce_enable_myaccount_registration":null,"woocommerce_registration_generate_username":null,"wpforms_settings":{"disable-css":"2","global-assets":false,"gdpr":false},"learndash_settings_theme_ld30":null,"learndash_settings_courses_themes":null,"astra-color-palettes":{"currentPalette":"palette_1","palettes":{"palette_1":["#efa765","#ffb168","#efa765","#e0e0e0","#232533","#111424","#243673","#FBFCFF","#BFD1FF"],"palette_2":["#0274be","#0084dd","#ffffff","#e2e2e2","#1d1922","#00123a","#F2F5F7","#424242","#000000"],"palette_3":["#0274be","#0084dd","#ffffff","#e2e2e2","#1d1922","#00123a","#F2F5F7","#424242","#000000"]},"flag":true},"astra-typography-presets":""}
DELETED - WIDGETS ["search-7","recent-posts-7","recent-comments-5","archives-7","categories-5","meta-5","text-16","text-17","text-18","text-19","media_image-3","text-20"]
DELETED - WIDGET search-7
DELETED - WIDGET recent-posts-7
DELETED - WIDGET recent-comments-5
DELETED - WIDGET archives-7
DELETED - WIDGET categories-5
DELETED - WIDGET meta-5
DELETED - WIDGET text-16
DELETED - WIDGET text-17
DELETED - WIDGET text-18
DELETED - WIDGET text-19
DELETED - WIDGET media_image-3
DELETED - WIDGET text-20
Deleted - Post ID 134 - attachment - about-bg
Deleted - Post ID 138 - attachment - about-img
Deleted - Post ID 158 - attachment - desserts
Deleted - Post ID 159 - attachment - mocktails
Deleted - Post ID 160 - attachment - steaks
Deleted - Post ID 179 - attachment - contact
Deleted - Post ID 198 - attachment - about-divider
Imported - Site Options {"woocommerce_product_attributes":[],"woocommerce_product_cat_list":[],"woocommerce_product_cat":[],"custom_logo":"https:\/\/websitedemos.net\/vlogger-02\/wp-content\/uploads\/sites\/753\/2020\/12\/vlogger-template-logo-white.svg","nav_menu_locations":{"primary":"primary-menu"},"show_on_front":"page","page_on_front":"Home","page_for_posts":"","_fl_builder_enabled_icons":null,"_fl_builder_enabled_modules":null,"_fl_builder_post_types":null,"_fl_builder_color_presets":null,"_fl_builder_services":null,"_fl_builder_settings":null,"_fl_builder_user_access":null,"_fl_builder_enabled_templates":null,"elementor_container_width":null,"elementor_cpt_support":["post","page"],"elementor_css_print_method":"external","elementor_default_generic_fonts":null,"elementor_disable_color_schemes":"yes","elementor_disable_typography_schemes":"yes","elementor_editor_break_lines":"","elementor_exclude_user_roles":null,"elementor_global_image_lightbox":null,"elementor_page_title_selector":null,"elementor_scheme_color":{"1":"#6ec1e4","2":"#54595f","3":"#7a7a7a","4":"#61ce70"},"elementor_scheme_color-picker]":{"1":"#6ec1e4","2":"#54595f","3":"#7a7a7a","4":"#61ce70","5":"#4054b2","6":"#23a455","7":"#000","8":"#fff"},"elementor_scheme_typography":{"1":{"font_family":"Roboto","font_weight":"600"},"2":{"font_family":"Roboto Slab","font_weight":"400"},"3":{"font_family":"Roboto","font_weight":"400"},"4":{"font_family":"Roboto","font_weight":"500"}},"elementor_space_between_widgets":null,"elementor_stretched_section_container":null,"elementor_load_fa4_shim":"","elementor_active_kit":"5","woocommerce_shop_page_title":"","woocommerce_cart_page_title":"","woocommerce_checkout_page_title":"","woocommerce_myaccount_page_title":"","woocommerce_edit_address_page_title":"","woocommerce_view_order_page_title":"","woocommerce_change_password_page_title":"","woocommerce_logout_page_title":"","woocommerce_enable_guest_checkout":null,"woocommerce_enable_checkout_login_reminder":null,"woocommerce_enable_signup_and_login_from_checkout":null,"woocommerce_enable_myaccount_registration":null,"woocommerce_registration_generate_username":null,"wpforms_settings":{"disable-css":"2","global-assets":false,"gdpr":false},"learndash_settings_theme_ld30":null,"learndash_settings_courses_themes":null,"astra-color-palettes":{"currentPalette":"palette_1","palettes":{"palette_1":["#000000","#1a1a1a","#1a1a1a","#4a4a4a","#f5f5f5","#ffffff","#f7f7f7","#e9e9e9","#ffffff"],"palette_2":["#0274be","#0274be","#0274be","#5691b9","#F5F5F5","#838383","#F2F5F7","#e9e9e9","#ffffff"],"palette_3":["#0274be","#0274be","#0274be","#5691b9","#F5F5F5","#838383","#F2F5F7","#e9e9e9","#ffffff"]},"flag":false},"astra-typography-presets":""}
Source - https://websitedemos.net/vlogger-02/wp-content/uploads/sites/753/2020/12/vlogger-template-logo-white.svg
BATCH - SKIP Image {already imported from xml} - https://websitedemos.net/vlogger-02/wp-content/uploads/sites/753/2020/12/vlogger-template-logo-white.svg
Log - {"url":"https:\/\/websitedemos.net\/vlogger-02\/wp-content\/uploads\/sites\/753\/2020\/12\/vlogger-template-logo-white.svg","id":0}
Inserted - Post 1332 - attachment - vlogger-template-logo-white.svg
BATCH - SUCCESS Image {Imported} - http://localhost/adventure/wp-content/uploads/2023/07/vlogger-template-logo-white.svg
Inserted - Post 1332 - attachment - vlogger-template-logo-white.svg
Deleted customizer Settings {"theme-auto-version":"4.1.5","is_theme_queue_running":false}
Imported - Widgets {"wp_inactive_widgets":[],"sidebar-1":["search-8","recent-posts-8","recent-comments-6","archives-8","categories-6","meta-6"],"header-widget":[],"footer-widget-1":[],"footer-widget-2":[],"advanced-footer-widget-1":[],"advanced-footer-widget-2":[],"advanced-footer-widget-3":[],"advanced-footer-widget-4":[],"array_version":3,"footer-widget-3":[],"footer-widget-4":[]}
Deleted - Site Options {"woocommerce_product_attributes":[],"woocommerce_product_cat_list":[],"woocommerce_product_cat":[],"custom_logo":"https:\/\/websitedemos.net\/vlogger-02\/wp-content\/uploads\/sites\/753\/2020\/12\/vlogger-template-logo-white.svg","nav_menu_locations":{"primary":"primary-menu"},"show_on_front":"page","page_on_front":"Home","page_for_posts":"","_fl_builder_enabled_icons":null,"_fl_builder_enabled_modules":null,"_fl_builder_post_types":null,"_fl_builder_color_presets":null,"_fl_builder_services":null,"_fl_builder_settings":null,"_fl_builder_user_access":null,"_fl_builder_enabled_templates":null,"elementor_container_width":null,"elementor_cpt_support":["post","page"],"elementor_css_print_method":"external","elementor_default_generic_fonts":null,"elementor_disable_color_schemes":"yes","elementor_disable_typography_schemes":"yes","elementor_editor_break_lines":"","elementor_exclude_user_roles":null,"elementor_global_image_lightbox":null,"elementor_page_title_selector":null,"elementor_scheme_color":{"1":"#6ec1e4","2":"#54595f","3":"#7a7a7a","4":"#61ce70"},"elementor_scheme_color-picker]":{"1":"#6ec1e4","2":"#54595f","3":"#7a7a7a","4":"#61ce70","5":"#4054b2","6":"#23a455","7":"#000","8":"#fff"},"elementor_scheme_typography":{"1":{"font_family":"Roboto","font_weight":"600"},"2":{"font_family":"Roboto Slab","font_weight":"400"},"3":{"font_family":"Roboto","font_weight":"400"},"4":{"font_family":"Roboto","font_weight":"500"}},"elementor_space_between_widgets":null,"elementor_stretched_section_container":null,"elementor_load_fa4_shim":"","elementor_active_kit":"5","woocommerce_shop_page_title":"","woocommerce_cart_page_title":"","woocommerce_checkout_page_title":"","woocommerce_myaccount_page_title":"","woocommerce_edit_address_page_title":"","woocommerce_view_order_page_title":"","woocommerce_change_password_page_title":"","woocommerce_logout_page_title":"","woocommerce_enable_guest_checkout":null,"woocommerce_enable_checkout_login_reminder":null,"woocommerce_enable_signup_and_login_from_checkout":null,"woocommerce_enable_myaccount_registration":null,"woocommerce_registration_generate_username":null,"wpforms_settings":{"disable-css":"2","global-assets":false,"gdpr":false},"learndash_settings_theme_ld30":null,"learndash_settings_courses_themes":null,"astra-color-palettes":{"currentPalette":"palette_1","palettes":{"palette_1":["#000000","#1a1a1a","#1a1a1a","#4a4a4a","#f5f5f5","#ffffff","#f7f7f7","#e9e9e9","#ffffff"],"palette_2":["#0274be","#0274be","#0274be","#5691b9","#F5F5F5","#838383","#F2F5F7","#e9e9e9","#ffffff"],"palette_3":["#0274be","#0274be","#0274be","#5691b9","#F5F5F5","#838383","#F2F5F7","#e9e9e9","#ffffff"]},"flag":false},"astra-typography-presets":""}
DELETED - WIDGETS ["search-8","recent-posts-8","recent-comments-6","archives-8","categories-6","meta-6"]
DELETED - WIDGET search-8
DELETED - WIDGET recent-posts-8
DELETED - WIDGET recent-comments-6
DELETED - WIDGET archives-8
DELETED - WIDGET categories-6
DELETED - WIDGET meta-6
Batch Process Started..
Starter Templates - Importing Images for Blog name 'hello sobat nekat!!' (1)
---- Processing Images from Widgets -----
---- Processing Contact Form Mapping from Text Widgets -----
---- Processing Contact Form Mapping from WP Forms Widgets -----
---- Processing WordPress Posts / Pages - for "Gutenberg" ----
---- Processing WordPress Posts / Pages - for Elementor ----
---- Processing MISC ----
---- Processing Images Metadata ----
---- Processing batch process for Customizer start ----
---- Processing batch process for Customizer done ----
Batch Process Complete!