
Deleted - Post ID 713 - post - Congue faucibus magna in
Deleted - Post ID 713 - post - Congue faucibus magna in
Deleted - Post ID 715 - post - Sem volutpat nec bibendum nec viverra rutrum
Deleted - Post ID 715 - post - Sem volutpat nec bibendum nec viverra rutrum
Deleted - Post ID 715 - post - Sem volutpat nec bibendum nec viverra rutrum
Deleted - Post ID 717 - post - Diam aliquam sapien lorem dapibus in
Deleted - Post ID 715 -  - 
Deleted - Post ID 719 - page - Blog
Deleted - Post ID 717 -  - 
Deleted - Post ID 719 - page - Blog
Deleted - Post ID 719 - page - Blog
Deleted - Post ID 724 -  - 
Deleted - Post ID 836 - page - All Courses
Deleted - Post ID 836 - page - All Courses
Deleted - Post ID 836 - page - All Courses
Deleted - Post ID 839 - nav_menu_item - 
Deleted - Post ID 839 -  - 
Deleted - Post ID 839 -  - 
Deleted - Post ID 1274 - nav_menu_item - My Story
Deleted - Post ID 1276 - nav_menu_item - Awards &#038; Honors
Deleted - Post ID 1283 - nav_menu_item - My Expertise
Deleted - Post ID 1293 - nav_menu_item - News &#038; Blog
Deleted - Post ID 1317 -  - 
Deleted - Post ID 1274 -  - 
Deleted - Post ID 1276 -  - 
Deleted - Post ID 1274 -  - 
Deleted - Post ID 1276 -  - 
Deleted - Post ID 1293 -  - 
Deleted - Post ID 1283 -  - 
Deleted - Post ID 1293 -  - 
Deleted - Post ID 1317 -  - 
Deleted - Post ID 1274 -  - 
Deleted - Post ID 1276 -  - 
Deleted - Post ID 1283 -  - 
Deleted - Post ID 1293 -  - 
Deleted - Post ID 1317 -  - 
Imported - Site Options {"woocommerce_product_attributes":[],"woocommerce_product_cat_list":[],"woocommerce_product_cat":[],"custom_logo":"https:\/\/websitedemos.net\/learn-baking-02\/wp-content\/uploads\/sites\/768\/2021\/01\/baking-course-logo.svg","nav_menu_locations":{"primary":"primary-menu","mobile_menu":"mobile-menu"},"show_on_front":"page","page_on_front":"Home","page_for_posts":"","_fl_builder_enabled_icons":null,"_fl_builder_enabled_modules":null,"_fl_builder_post_types":null,"_fl_builder_color_presets":null,"_fl_builder_services":null,"_fl_builder_settings":null,"_fl_builder_user_access":null,"_fl_builder_enabled_templates":null,"elementor_container_width":null,"elementor_cpt_support":["post","page","sfwd-courses"],"elementor_css_print_method":"external","elementor_default_generic_fonts":null,"elementor_disable_color_schemes":"yes","elementor_disable_typography_schemes":"yes","elementor_editor_break_lines":"","elementor_exclude_user_roles":null,"elementor_global_image_lightbox":null,"elementor_page_title_selector":null,"elementor_scheme_color":{"1":"#6ec1e4","2":"#54595f","3":"#7a7a7a","4":"#61ce70"},"elementor_scheme_color-picker]":{"1":"#6ec1e4","2":"#54595f","3":"#7a7a7a","4":"#61ce70","5":"#4054b2","6":"#23a455","7":"#000","8":"#fff"},"elementor_scheme_typography":{"1":{"font_family":"Roboto","font_weight":"600"},"2":{"font_family":"Roboto Slab","font_weight":"400"},"3":{"font_family":"Roboto","font_weight":"400"},"4":{"font_family":"Roboto","font_weight":"500"}},"elementor_space_between_widgets":null,"elementor_stretched_section_container":null,"elementor_load_fa4_shim":"","elementor_active_kit":"6","woocommerce_shop_page_title":"","woocommerce_cart_page_title":"","woocommerce_checkout_page_title":"","woocommerce_myaccount_page_title":"","woocommerce_edit_address_page_title":"","woocommerce_view_order_page_title":"","woocommerce_change_password_page_title":"","woocommerce_logout_page_title":"","woocommerce_enable_guest_checkout":null,"woocommerce_enable_checkout_login_reminder":null,"woocommerce_enable_signup_and_login_from_checkout":null,"woocommerce_enable_myaccount_registration":null,"woocommerce_registration_generate_username":null,"wpforms_settings":{"disable-css":"2","global-assets":false,"gdpr":false},"learndash_settings_theme_ld30":{"color_primary":"#ffbf52","color_secondary":"#ffbf52","color_tertiary":"#351e15","focus_mode_enabled":"yes","focus_mode_content_width":"1180px","login_logo":11,"responsive_video_enabled":"yes"},"learndash_settings_courses_themes":{"active_theme":"ld30"},"astra-color-palettes":{"currentPalette":"palette_1","palettes":{"palette_1":["#ffbf52","#5e443a","#351e15","#8d7b74","#faf4f1","#ffffff","#243673","#FBFCFF","#BFD1FF"],"palette_2":["#0274be","#3a3a3a","#3a3a3a","#4B4F58","#F5F5F5","#FFFFFF","#F2F5F7","#424242","#000000"],"palette_3":["#0274be","#3a3a3a","#3a3a3a","#4B4F58","#F5F5F5","#FFFFFF","#F2F5F7","#424242","#000000"]},"flag":true},"astra-typography-presets":""}
Source - https://websitedemos.net/learn-baking-02/wp-content/uploads/sites/768/2021/01/baking-course-logo.svg
BATCH - SKIP Image {already imported from xml} - https://websitedemos.net/learn-baking-02/wp-content/uploads/sites/768/2021/01/baking-course-logo.svg
Log - {"url":"https:\/\/websitedemos.net\/learn-baking-02\/wp-content\/uploads\/sites\/768\/2021\/01\/baking-course-logo.svg","id":0}
Inserted - Post 1328 - attachment - baking-course-logo.svg
BATCH - SUCCESS Image {Imported} - http://localhost/adventure/wp-content/uploads/2023/07/baking-course-logo.svg
Inserted - Post 1328 - attachment - baking-course-logo.svg
Deleted customizer Settings {"theme-auto-version":"4.1.5","is_theme_queue_running":false}
Imported - Widgets {"wp_inactive_widgets":["nav_menu-7","text-15"],"sidebar-1":["search-6","recent-posts-6","archives-6"],"header-widget":[],"footer-widget-1":["media_image-2","text-14"],"footer-widget-2":["nav_menu-6"],"advanced-footer-widget-1":[],"advanced-footer-widget-2":[],"advanced-footer-widget-3":[],"advanced-footer-widget-4":[],"array_version":3,"footer-widget-3":[],"footer-widget-4":[]}
Deleted - Site Options {"woocommerce_product_attributes":[],"woocommerce_product_cat_list":[],"woocommerce_product_cat":[],"custom_logo":"https:\/\/websitedemos.net\/learn-baking-02\/wp-content\/uploads\/sites\/768\/2021\/01\/baking-course-logo.svg","nav_menu_locations":{"primary":"primary-menu","mobile_menu":"mobile-menu"},"show_on_front":"page","page_on_front":"Home","page_for_posts":"","_fl_builder_enabled_icons":null,"_fl_builder_enabled_modules":null,"_fl_builder_post_types":null,"_fl_builder_color_presets":null,"_fl_builder_services":null,"_fl_builder_settings":null,"_fl_builder_user_access":null,"_fl_builder_enabled_templates":null,"elementor_container_width":null,"elementor_cpt_support":["post","page","sfwd-courses"],"elementor_css_print_method":"external","elementor_default_generic_fonts":null,"elementor_disable_color_schemes":"yes","elementor_disable_typography_schemes":"yes","elementor_editor_break_lines":"","elementor_exclude_user_roles":null,"elementor_global_image_lightbox":null,"elementor_page_title_selector":null,"elementor_scheme_color":{"1":"#6ec1e4","2":"#54595f","3":"#7a7a7a","4":"#61ce70"},"elementor_scheme_color-picker]":{"1":"#6ec1e4","2":"#54595f","3":"#7a7a7a","4":"#61ce70","5":"#4054b2","6":"#23a455","7":"#000","8":"#fff"},"elementor_scheme_typography":{"1":{"font_family":"Roboto","font_weight":"600"},"2":{"font_family":"Roboto Slab","font_weight":"400"},"3":{"font_family":"Roboto","font_weight":"400"},"4":{"font_family":"Roboto","font_weight":"500"}},"elementor_space_between_widgets":null,"elementor_stretched_section_container":null,"elementor_load_fa4_shim":"","elementor_active_kit":"6","woocommerce_shop_page_title":"","woocommerce_cart_page_title":"","woocommerce_checkout_page_title":"","woocommerce_myaccount_page_title":"","woocommerce_edit_address_page_title":"","woocommerce_view_order_page_title":"","woocommerce_change_password_page_title":"","woocommerce_logout_page_title":"","woocommerce_enable_guest_checkout":null,"woocommerce_enable_checkout_login_reminder":null,"woocommerce_enable_signup_and_login_from_checkout":null,"woocommerce_enable_myaccount_registration":null,"woocommerce_registration_generate_username":null,"wpforms_settings":{"disable-css":"2","global-assets":false,"gdpr":false},"learndash_settings_theme_ld30":{"color_primary":"#ffbf52","color_secondary":"#ffbf52","color_tertiary":"#351e15","focus_mode_enabled":"yes","focus_mode_content_width":"1180px","login_logo":11,"responsive_video_enabled":"yes"},"learndash_settings_courses_themes":{"active_theme":"ld30"},"astra-color-palettes":{"currentPalette":"palette_1","palettes":{"palette_1":["#ffbf52","#5e443a","#351e15","#8d7b74","#faf4f1","#ffffff","#243673","#FBFCFF","#BFD1FF"],"palette_2":["#0274be","#3a3a3a","#3a3a3a","#4B4F58","#F5F5F5","#FFFFFF","#F2F5F7","#424242","#000000"],"palette_3":["#0274be","#3a3a3a","#3a3a3a","#4B4F58","#F5F5F5","#FFFFFF","#F2F5F7","#424242","#000000"]},"flag":true},"astra-typography-presets":""}
DELETED - WIDGETS ["nav_menu-7","text-15","search-6","recent-posts-6","archives-6","media_image-2","text-14","nav_menu-6"]
DELETED - WIDGET nav_menu-7
DELETED - WIDGET text-15
DELETED - WIDGET search-6
DELETED - WIDGET recent-posts-6
DELETED - WIDGET archives-6
DELETED - WIDGET media_image-2
DELETED - WIDGET text-14
DELETED - WIDGET nav_menu-6
Batch Process Started..
Starter Templates - Importing Images for Blog name 'hello sobat nekat!!' (1)
---- Processing Images from Widgets -----
Source - https://websitedemos.net/learn-baking-02/wp-content/uploads/sites/768/2021/01/baking-course-logo.svg
Log - {"id":"1328","url":"http:\/\/localhost\/adventure\/wp-content\/uploads\/2023\/07\/baking-course-logo.svg"}
---- Processing Contact Form Mapping from Text Widgets -----
---- Processing Contact Form Mapping from WP Forms Widgets -----
---- Processing WordPress Posts / Pages - for "Gutenberg" ----
---- Processing WordPress Posts / Pages - for Elementor ----
---- Processing MISC ----
---- Processing Images Metadata ----
---- Processing batch process for Customizer start ----
---- Processing batch process for Customizer done ----
Batch Process Complete!